This is pdfTeX, Version 3.1415926-2.5-1.40.14 (Web2C 2013) (format=pdflatex 2014.6.21)  13 OCT 2014 14:28
entering extended mode
 restricted \write18 enabled.
 %&-line parsing enabled.
**report.tex
(./report.tex
LaTeX2e <2011/06/27>
Babel <v3.8l> and hyphenation patterns for english, dumylang, nohyphenation, uk
rainian, turkish, swedish, spanish, slovenian, slovak, serbian, russian, romani
an, portuguese, polish, bokmal, nynorsk, latin, italian, irish, indonesian, ice
landic, hungarian, monogreek, greek, german, ngerman, french, finnish, estonian
, esperanto, dutch, danish, czech, croatian, catalan, bulgarian, basque, loaded
.
(/usr/pkg/share/texmf-dist/tex/latex/base/article.cls
Document Class: article 2007/10/19 v1.4h Standard LaTeX document class
(/usr/pkg/share/texmf-dist/tex/latex/base/size11.clo
File: size11.clo 2007/10/19 v1.4h Standard LaTeX file (size option)
)
\c@part=\count79
\c@section=\count80
\c@subsection=\count81
\c@subsubsection=\count82
\c@paragraph=\count83
\c@subparagraph=\count84
\c@figure=\count85
\c@table=\count86
\abovecaptionskip=\skip41
\belowcaptionskip=\skip42
\bibindent=\dimen102
)
(/usr/pkg/share/texmf-dist/tex/latex/float/float.sty
Package: float 2001/11/08 v1.3d Float enhancements (AL)
\c@float@type=\count87
\float@exts=\toks14
\float@box=\box26
\@float@everytoks=\toks15
\@floatcapt=\box27
)
(/usr/pkg/share/texmf-dist/tex/latex/url/url.sty
\Urlmuskip=\muskip10
Package: url 2013/09/16  ver 3.4  Verb mode for urls, etc.
)
(/usr/pkg/share/texmf-dist/tex/latex/graphics/graphicx.sty
Package: graphicx 1999/02/16 v1.0f Enhanced LaTeX Graphics (DPC,SPQR)

(/usr/pkg/share/texmf-dist/tex/latex/graphics/keyval.sty
Package: keyval 1999/03/16 v1.13 key=value parser (DPC)
\KV@toks@=\toks16
)
(/usr/pkg/share/texmf-dist/tex/latex/graphics/graphics.sty
Package: graphics 2009/02/05 v1.0o Standard LaTeX Graphics (DPC,SPQR)

(/usr/pkg/share/texmf-dist/tex/latex/graphics/trig.sty
Package: trig 1999/03/16 v1.09 sin cos tan (DPC)
)
(/usr/pkg/share/texmf-dist/tex/latex/latexconfig/graphics.cfg
File: graphics.cfg 2010/04/23 v1.9 graphics configuration of TeX Live
)
Package graphics Info: Driver file: pdftex.def on input line 91.

(/usr/pkg/share/texmf-dist/tex/latex/pdftex-def/pdftex.def
File: pdftex.def 2011/05/27 v0.06d Graphics/color for pdfTeX

(/usr/pkg/share/texmf-dist/tex/generic/oberdiek/infwarerr.sty
Package: infwarerr 2010/04/08 v1.3 Providing info/warning/error messages (HO)
)
(/usr/pkg/share/texmf-dist/tex/generic/oberdiek/ltxcmds.sty
Package: ltxcmds 2011/11/09 v1.22 LaTeX kernel commands for general use (HO)
)
\Gread@gobject=\count88
))
\Gin@req@height=\dimen103
\Gin@req@width=\dimen104
)
(/usr/pkg/share/texmf-dist/tex/latex/caption/caption.sty
Package: caption 2010/01/09 v3.1m Customizing captions (AR)

(/usr/pkg/share/texmf-dist/tex/latex/caption/caption3.sty
Package: caption3 2010/01/14 v3.1m caption3 kernel (AR)
\captionmargin=\dimen105
\captionmargin@=\dimen106
\captionwidth=\dimen107
\caption@indent=\dimen108
\caption@parindent=\dimen109
\caption@hangindent=\dimen110
)
\c@ContinuedFloat=\count89
Package caption Info: float package is loaded.
)
(/usr/pkg/share/texmf-dist/tex/latex/program/program.sty
\@gtempa=\dimen111
\@gtempa=\dimen112
\@gtempa=\dimen113
\@gtempa=\dimen114
\@gtempa=\dimen115
\@gtempa=\dimen116
\@gtempa=\dimen117
\@gtempa=\dimen118
\@gtempa=\dimen119
\@gtempa=\dimen120
\@gtempa=\dimen121
\@gtempa=\dimen122
\@gtempa=\dimen123
\@gtempa=\dimen124
\@gtempa=\dimen125
\@gtempa=\dimen126
\@gtempa=\dimen127
\@gtempa=\dimen128
\@gtempa=\dimen129
\@gtempa=\dimen130
\@gtempa=\dimen131
\@gtempa=\dimen132
\@gtempa=\dimen133
\@gtempa=\dimen134
\@gtempa=\dimen135
\@gtempa=\dimen136
\@gtempa=\dimen137
\@gtempa=\dimen138
\@gtempa=\dimen139
\@gtempa=\dimen140
\@gtempa=\dimen141
\@gtempa=\dimen142
\@gtempa=\dimen143
\@gtempa=\dimen144
\@gtempa=\dimen145
\@gtempa=\dimen146
\@gtempa=\dimen147
\@gtempa=\dimen148
\@gtempa=\dimen149
\@gtempa=\dimen150
\@gtempa=\dimen151
\@gtempa=\dimen152
\@gtempa=\dimen153
\@gtempa=\dimen154
\@gtempa=\dimen155
\@gtempa=\dimen156
\@gtempa=\dimen157
\@gtempa=\dimen158
\@gtempa=\dimen159
\@gtempa=\dimen160
\c@programline=\count90
\old@nxttabmar=\count91
\symeulerletters=\mathgroup4
\powersetbox=\box28
LaTeX Font Info:    External font `cmex10' loaded for size
(Font)              <14.4> on input line 798.
LaTeX Font Info:    External font `cmex10' loaded for size
(Font)              <7> on input line 798.
LaTeX Font Info:    Try loading font information for U+eur on input line 798.

(/usr/pkg/share/texmf-dist/tex/latex/amsfonts/ueur.fd
File: ueur.fd 2013/01/14 v3.01 Euler Roman
))
(/usr/pkg/share/texmf-dist/tex/latex/tools/tabularx.sty
Package: tabularx 1999/01/07 v2.07 `tabularx' package (DPC)

(/usr/pkg/share/texmf-dist/tex/latex/tools/array.sty
Package: array 2008/09/09 v2.4c Tabular extension package (FMi)
\col@sep=\dimen161
\extrarowheight=\dimen162
\NC@list=\toks17
\extratabsurround=\skip43
\backup@length=\skip44
)
\TX@col@width=\dimen163
\TX@old@table=\dimen164
\TX@old@col=\dimen165
\TX@target=\dimen166
\TX@delta=\dimen167
\TX@cols=\count92
\TX@ftn=\toks18
)
(/usr/pkg/share/texmf-dist/tex/latex/colortbl/colortbl.sty
Package: colortbl 2001/02/13 v0.1j Color table columns (DPC)

(/usr/pkg/share/texmf-dist/tex/latex/graphics/color.sty
Package: color 2005/11/14 v1.0j Standard LaTeX Color (DPC)

(/usr/pkg/share/texmf-dist/tex/latex/latexconfig/color.cfg
File: color.cfg 2007/01/18 v1.5 color configuration of teTeX/TeXLive
)
Package color Info: Driver file: pdftex.def on input line 130.
)
\everycr=\toks19
\minrowclearance=\skip45
)
(/usr/pkg/share/texmf-dist/tex/latex/tools/hhline.sty
Package: hhline 1994/05/23 v2.03 Table rule package (DPC)
)
(/usr/pkg/share/texmf-dist/tex/latex/caption/subcaption.sty
Package: subcaption 2008/08/31 v1.0b Adding subcaptions (AR)
\c@subfigure=\count93
\c@subtable=\count94
)
\@float@every@fig=\toks20
\c@fig=\count95
 (./vuwproject.sty
(/usr/pkg/share/texmf-dist/tex/latex/psnfss/mathpazo.sty
Package: mathpazo 2005/04/12 PSNFSS-v9.2a Palatino w/ Pazo Math (D.Puga, WaS) 
\symupright=\mathgroup5
)
VUW Honours reports modifications -- Mar 1995
Modified to handle different degrees 2003
Modified to handle duplex printing properly 2006
\@abstract=\box29
)

LaTeX Warning: Unused global option(s):
    [openright].

(./report.aux)
\openout1 = `report.aux'.

LaTeX Font Info:    Checking defaults for OML/cmm/m/it on input line 34.
LaTeX Font Info:    ... okay on input line 34.
LaTeX Font Info:    Checking defaults for T1/cmr/m/n on input line 34.
LaTeX Font Info:    ... okay on input line 34.
LaTeX Font Info:    Checking defaults for OT1/cmr/m/n on input line 34.
LaTeX Font Info:    ... okay on input line 34.
LaTeX Font Info:    Checking defaults for OMS/cmsy/m/n on input line 34.
LaTeX Font Info:    ... okay on input line 34.
LaTeX Font Info:    Checking defaults for OMX/cmex/m/n on input line 34.
LaTeX Font Info:    ... okay on input line 34.
LaTeX Font Info:    Checking defaults for U/cmr/m/n on input line 34.
LaTeX Font Info:    ... okay on input line 34.
LaTeX Font Info:    Try loading font information for OT1+ppl on input line 34.
 (/usr/pkg/share/texmf-dist/tex/latex/psnfss/ot1ppl.fd
File: ot1ppl.fd 2001/06/04 font definitions for OT1/ppl.
)
(/usr/pkg/share/texmf-dist/tex/context/base/supp-pdf.mkii
[Loading MPS to PDF converter (version 2006.09.02).]
\scratchcounter=\count96
\scratchdimen=\dimen168
\scratchbox=\box30
\nofMPsegments=\count97
\nofMParguments=\count98
\everyMPshowfont=\toks21
\MPscratchCnt=\count99
\MPscratchDim=\dimen169
\MPnumerator=\count100
\makeMPintoPDFobject=\count101
\everyMPtoPDFconversion=\toks22
) (/usr/pkg/share/texmf-dist/tex/generic/oberdiek/pdftexcmds.sty
Package: pdftexcmds 2011/11/29 v0.20 Utility functions of pdfTeX for LuaTeX (HO
)

(/usr/pkg/share/texmf-dist/tex/generic/oberdiek/ifluatex.sty
Package: ifluatex 2010/03/01 v1.3 Provides the ifluatex switch (HO)
Package ifluatex Info: LuaTeX not detected.
)
(/usr/pkg/share/texmf-dist/tex/generic/oberdiek/ifpdf.sty
Package: ifpdf 2011/01/30 v2.3 Provides the ifpdf switch (HO)
Package ifpdf Info: pdfTeX in PDF mode is detected.
)
Package pdftexcmds Info: LuaTeX not detected.
Package pdftexcmds Info: \pdf@primitive is available.
Package pdftexcmds Info: \pdf@ifprimitive is available.
Package pdftexcmds Info: \pdfdraftmode found.
)
(/usr/pkg/share/texmf-dist/tex/latex/oberdiek/epstopdf-base.sty
Package: epstopdf-base 2010/02/09 v2.5 Base part for package epstopdf

(/usr/pkg/share/texmf-dist/tex/latex/oberdiek/grfext.sty
Package: grfext 2010/08/19 v1.1 Manage graphics extensions (HO)

(/usr/pkg/share/texmf-dist/tex/generic/oberdiek/kvdefinekeys.sty
Package: kvdefinekeys 2011/04/07 v1.3 Define keys (HO)
))
(/usr/pkg/share/texmf-dist/tex/latex/oberdiek/kvoptions.sty
Package: kvoptions 2011/06/30 v3.11 Key value format for package options (HO)

(/usr/pkg/share/texmf-dist/tex/generic/oberdiek/kvsetkeys.sty
Package: kvsetkeys 2012/04/25 v1.16 Key value parser (HO)

(/usr/pkg/share/texmf-dist/tex/generic/oberdiek/etexcmds.sty
Package: etexcmds 2011/02/16 v1.5 Avoid name clashes with e-TeX commands (HO)
Package etexcmds Info: Could not find \expanded.
(etexcmds)             That can mean that you are not using pdfTeX 1.50 or
(etexcmds)             that some package has redefined \expanded.
(etexcmds)             In the latter case, load this package earlier.
)))
Package grfext Info: Graphics extension search list:
(grfext)             [.png,.pdf,.jpg,.mps,.jpeg,.jbig2,.jb2,.PNG,.PDF,.JPG,.JPE
G,.JBIG2,.JB2,.eps]
(grfext)             \AppendGraphicsExtensions on input line 452.

(/usr/pkg/share/texmf-dist/tex/latex/latexconfig/epstopdf-sys.cfg
File: epstopdf-sys.cfg 2010/07/13 v1.3 Configuration of (r)epstopdf for TeX Liv
e
))
Package caption Info: Begin \AtBeginDocument code.
Package caption Info: End \AtBeginDocument code.
\big@size=\dimen170
LaTeX Font Info:    Try loading font information for OML+zplm on input line 49.


(/usr/pkg/share/texmf-dist/tex/latex/psnfss/omlzplm.fd
File: omlzplm.fd 2002/09/08 Fontinst v1.914 font definitions for OML/zplm.
)
LaTeX Font Info:    Try loading font information for OMS+zplm on input line 49.


(/usr/pkg/share/texmf-dist/tex/latex/psnfss/omszplm.fd
File: omszplm.fd 2002/09/08 Fontinst v1.914 font definitions for OMS/zplm.
)
LaTeX Font Info:    Try loading font information for OMX+zplm on input line 49.


(/usr/pkg/share/texmf-dist/tex/latex/psnfss/omxzplm.fd
File: omxzplm.fd 2002/09/08 Fontinst v1.914 font definitions for OMX/zplm.
)
LaTeX Font Info:    Try loading font information for OT1+zplm on input line 49.


(/usr/pkg/share/texmf-dist/tex/latex/psnfss/ot1zplm.fd
File: ot1zplm.fd 2002/09/08 Fontinst v1.914 font definitions for OT1/zplm.
)
LaTeX Font Info:    Font shape `OT1/ppl/bx/n' in size <17.28> not available
(Font)              Font shape `OT1/ppl/b/n' tried instead on input line 49.

! Undefined control sequence.
<argument> ...restore \center \large \@supervisor 
                                                  \@@par 
l.49 \maketitle
               
? 

! LaTeX Error: Something's wrong--perhaps a missing \item.

See the LaTeX manual or LaTeX Companion for explanation.
Type  H <return>  for immediate help.
 ...                                              
                                                  
l.49 \maketitle
               
? 

! LaTeX Error: Something's wrong--perhaps a missing \item.

See the LaTeX manual or LaTeX Companion for explanation.
Type  H <return>  for immediate help.
 ...                                              
                                                  
l.49 \maketitle
               
? 
LaTeX Font Info:    Font shape `OT1/ppl/bx/n' in size <10.95> not available
(Font)              Font shape `OT1/ppl/b/n' tried instead on input line 49.
[0

{/var/lib/texmf/fonts/map/pdftex/updmap/pdftex.map}]
LaTeX Font Info:    Font shape `OT1/ppl/bx/n' in size <14.4> not available
(Font)              Font shape `OT1/ppl/b/n' tried instead on input line 62.
LaTeX Font Info:    Font shape `OT1/ppl/bx/n' in size <12> not available
(Font)              Font shape `OT1/ppl/b/n' tried instead on input line 68.

<./pics/TruthTable.png, id=10, 110.90941pt x 132.37575pt>
File: ./pics/TruthTable.png Graphic file (type png)

<use ./pics/TruthTable.png>
Package pdftex.def Info: ./pics/TruthTable.png used on input line 79.
(pdftex.def)             Requested size: 99.81754pt x 119.13705pt.
 [1

 <./pics/TruthTable.png>]
Overfull \hbox (22.67862pt too wide) in paragraph at lines 99--112
 [][] 
 []

<pics/boxplot.png, id=18, 822.16069pt x 460.09515pt>
File: pics/boxplot.png Graphic file (type png)
 <use pics/boxplot.png>
Package pdftex.def Info: pics/boxplot.png used on input line 128.
(pdftex.def)             Requested size: 452.18977pt x 253.05312pt.

<pics/neural.png, id=19, 179.60168pt x 266.89812pt>
File: pics/neural.png Graphic file (type png)
 <use pics/neural.png>
Package pdftex.def Info: pics/neural.png used on input line 140.
(pdftex.def)             Requested size: 161.64pt x 240.20607pt.

<pics/errorate.png, id=20, 324.14168pt x 170.2996pt>
File: pics/errorate.png Graphic file (type png)
 <use pics/errorate.png>
Package pdftex.def Info: pics/errorate.png used on input line 150.
(pdftex.def)             Requested size: 291.72481pt x 153.26822pt.

[2] [3 <./pics/boxplot.png> <./pics/neural.png>]
<pics/aftertrain.png, id=29, 264.75148pt x 201.06802pt>
File: pics/aftertrain.png Graphic file (type png)

<use pics/aftertrain.png>
Package pdftex.def Info: pics/aftertrain.png used on input line 158.
(pdftex.def)             Requested size: 238.27412pt x 180.95953pt.

<pics/neural_2.png, id=30, 206.07683pt x 166.00633pt>
File: pics/neural_2.png Graphic file (type png)
 <use pics/neural_2.png>
Package pdftex.def Info: pics/neural_2.png used on input line 166.
(pdftex.def)             Requested size: 185.46742pt x 149.40431pt.

[4 <./pics/errorate.png> <./pics/aftertrain.png>]
<pics/confusion.png, id=36, 160.28198pt x 157.4198pt>
File: pics/confusion.png Graphic file (type png)
 <use pics/confusion.png>
Package pdftex.def Info: pics/confusion.png used on input line 215.
(pdftex.def)             Requested size: 144.25243pt x 141.6765pt.

[5 <./pics/neural_2.png>]
<pics/confusion_2.png, id=41, 206.79237pt x 159.56644pt>
File: pics/confusion_2.png Graphic file (type png)

<use pics/confusion_2.png>
Package pdftex.def Info: pics/confusion_2.png used on input line 249.
(pdftex.def)             Requested size: 186.1114pt x 143.60846pt.
 [6 <./pics/confusion.png>]
<pics/confusion_3.png, id=47, 204.64574pt x 160.28198pt>
File: pics/confusion_3.png Graphic file (type png)

<use pics/confusion_3.png>
Package pdftex.def Info: pics/confusion_3.png used on input line 284.
(pdftex.def)             Requested size: 184.17944pt x 144.25243pt.
 [7 <./pics/confusion_2.png> <./pics/confusion_3.png>] <pics/formula.png, id=53
, 295.5199pt x 56.52802pt>
File: pics/formula.png Graphic file (type png)
 <use pics/formula.png>
Package pdftex.def Info: pics/formula.png used on input line 330.
(pdftex.def)             Requested size: 265.96544pt x 50.87473pt.

<pics/negative.png, id=54, 250.4406pt x 208.93901pt>
File: pics/negative.png Graphic file (type png)
 <use pics/negative.png>
Package pdftex.def Info: pics/negative.png used on input line 339.
(pdftex.def)             Requested size: 125.21999pt x 104.46924pt.

<pics/positive.png, id=55, 257.59604pt x 208.93901pt>
File: pics/positive.png Graphic file (type png)
 <use pics/positive.png>
Package pdftex.def Info: pics/positive.png used on input line 344.
(pdftex.def)             Requested size: 128.7977pt x 104.46924pt.

[8 <./pics/formula.png> <./pics/negative.png> <./pics/positive.png>]
<pics/generations.png, id=62, 577.44446pt x 415.01584pt>
File: pics/generations.png Graphic file (type png)

<use pics/generations.png>
Package pdftex.def Info: pics/generations.png used on input line 374.
(pdftex.def)             Requested size: 230.9737pt x 166.00339pt.
 [9 <./pics/generations.png>] [10]
Missing character: There is no ï in font pplr7t!
Missing character: There is no ¼ in font pplr7t!
Missing character: There is no ‰ in font pplr7t!

<pics/classes.png, id=71, 475.83713pt x 135.23792pt>
File: pics/classes.png Graphic file (type png)
 <use pics/classes.png>
Package pdftex.def Info: pics/classes.png used on input line 448.
(pdftex.def)             Requested size: 380.67021pt x 108.19046pt.

Underfull \hbox (badness 10000) in paragraph at lines 454--470

 []


Underfull \hbox (badness 10000) in paragraph at lines 454--470

 []


Underfull \hbox (badness 10000) in paragraph at lines 454--470

 []


Underfull \hbox (badness 10000) in paragraph at lines 454--470

 []


Underfull \hbox (badness 10000) in paragraph at lines 454--470

 []

[11]
Underfull \hbox (badness 10000) in paragraph at lines 471--482

 []


Underfull \hbox (badness 10000) in paragraph at lines 471--482

 []

<pics/classes_2.png, id=75, 477.26822pt x 135.23792pt>
File: pics/classes_2.png Graphic file (type png)

<use pics/classes_2.png>
Package pdftex.def Info: pics/classes_2.png used on input line 484.
(pdftex.def)             Requested size: 381.81508pt x 108.19046pt.
 <pics/matrix.png, id=76, 135.95346pt x 55.81247pt>
File: pics/matrix.png Graphic file (type png)

<use pics/matrix.png>
Package pdftex.def Info: pics/matrix.png used on input line 495.
(pdftex.def)             Requested size: 135.95313pt x 55.81232pt.

Underfull \hbox (badness 10000) in paragraph at lines 489--500

 []

[12 <./pics/classes.png> <./pics/classes_2.png>]
Underfull \hbox (badness 10000) in paragraph at lines 534--541

 []


Underfull \hbox (badness 10000) in paragraph at lines 534--541

 []


Underfull \hbox (badness 10000) in paragraph at lines 542--550

 []


Underfull \hbox (badness 10000) in paragraph at lines 542--550

 []

[13 <./pics/matrix.png>]
Underfull \hbox (badness 10000) in paragraph at lines 573--581

 []


Underfull \hbox (badness 10000) in paragraph at lines 573--581

 []


Underfull \hbox (badness 10000) in paragraph at lines 583--590

 []


Underfull \hbox (badness 10000) in paragraph at lines 583--590

 []


Underfull \hbox (badness 10000) in paragraph at lines 592--601

 []


Underfull \hbox (badness 10000) in paragraph at lines 592--601

 []


Underfull \hbox (badness 10000) in paragraph at lines 603--612

 []


Underfull \hbox (badness 10000) in paragraph at lines 603--612

 []

[14] [15] (./report.bbl) [16

] (./report.aux) ) 
Here is how much of TeX's memory you used:
 3515 strings out of 493945
 51093 string characters out of 6159096
 115036 words of memory out of 5000000
 6658 multiletter control sequences out of 15000+600000
 33987 words of font info for 89 fonts, out of 8000000 for 9000
 774 hyphenation exceptions out of 8191
 38i,10n,38p,752b,447s stack positions out of 5000i,500n,10000p,200000b,80000s
{/usr/pkg/share/texmf-dist/fonts/enc/dvips/base/8r.enc}</usr/
pkg/share/texmf-dist/fonts/type1/public/amsfonts/cm/cmmi10.pfb></usr/pkg/share/
texmf-dist/fonts/type1/public/amsfonts/cm/cmr10.pfb></usr/pkg/share/texmf-dist/
fonts/type1/public/amsfonts/cm/cmsy10.pfb></usr/pkg/share/texmf-dist/fonts/type
1/urw/palatino/uplb8a.pfb></usr/pkg/share/texmf-dist/fonts/type1/urw/palatino/u
plr8a.pfb></usr/pkg/share/texmf-dist/fonts/type1/urw/palatino/uplri8a.pfb></usr
/pkg/share/texmf-dist/fonts/type1/vuw/vuw20.pfb>
Output written on report.pdf (17 pages, 250002 bytes).
PDF statistics:
 121 PDF objects out of 1000 (max. 8388607)
 62 compressed objects within 1 object stream
 0 named destinations out of 1000 (max. 500000)
 81 words of extra memory for PDF output out of 10000 (max. 10000000)

